<?xml version="1.0" encoding="utf-8"?><testsuites name="pytest tests"><testsuite name="pytest" errors="0" failures="0" skipped="0" tests="34" time="4.151" timestamp="2026-05-05T23:27:15.232988+00:00" hostname="agent-env-b6783a39-0498-4ab3-8e1a-632a60819350"><testcase classname="backend.tests.test_tagnride_backend.TestHealth" name="test_health" time="0.204" /><testcase classname="backend.tests.test_tagnride_backend.TestAuth" name="test_register_passenger_returns_token" time="0.289" /><testcase classname="backend.tests.test_tagnride_backend.TestAuth" name="test_register_driver_returns_token" time="0.288" /><testcase classname="backend.tests.test_tagnride_backend.TestAuth" name="test_register_duplicate_phone_400" time="0.071" /><testcase classname="backend.tests.test_tagnride_backend.TestAuth" name="test_register_invalid_pin_422" time="0.059" /><testcase classname="backend.tests.test_tagnride_backend.TestAuth" name="test_login_success" time="0.285" /><testcase classname="backend.tests.test_tagnride_backend.TestAuth" name="test_login_wrong_pin_401" time="0.302" /><testcase classname="backend.tests.test_tagnride_backend.TestAuth" name="test_me_with_token" time="0.063" /><testcase classname="backend.tests.test_tagnride_backend.TestAuth" name="test_me_without_token_401" time="0.058" /><testcase classname="backend.tests.test_tagnride_backend.TestAuth" name="test_me_invalid_token_401" time="0.066" /><testcase classname="backend.tests.test_tagnride_backend.TestWallet" name="test_passenger_wallet_initial" time="0.062" /><testcase classname="backend.tests.test_tagnride_backend.TestWallet" name="test_driver_wallet_has_qr_and_rating_fields" time="0.064" /><testcase classname="backend.tests.test_tagnride_backend.TestWallet" name="test_topup_passenger_increments_balance" time="0.128" /><testcase classname="backend.tests.test_tagnride_backend.TestWallet" name="test_topup_driver_forbidden_403" time="0.062" /><testcase classname="backend.tests.test_tagnride_backend.TestWallet" name="test_topup_negative_amount_422" time="0.067" /><testcase classname="backend.tests.test_tagnride_backend.TestDriverLookup" name="test_driver_lookup_returns_public_info" time="0.066" /><testcase classname="backend.tests.test_tagnride_backend.TestDriverLookup" name="test_driver_lookup_unknown_404" time="0.062" /><testcase classname="backend.tests.test_tagnride_backend.TestDriverLookup" name="test_driver_lookup_requires_auth_401" time="0.064" /><testcase classname="backend.tests.test_tagnride_backend.TestTransfer" name="test_transfer_self_400" time="0.059" /><testcase classname="backend.tests.test_tagnride_backend.TestTransfer" name="test_transfer_driver_forbidden_403" time="0.063" /><testcase classname="backend.tests.test_tagnride_backend.TestTransfer" name="test_transfer_insufficient_balance_400" time="0.363" /><testcase classname="backend.tests.test_tagnride_backend.TestTransfer" name="test_transfer_unknown_driver_404" time="0.063" /><testcase classname="backend.tests.test_tagnride_backend.TestTransfer" name="test_transfer_success_atomic" time="0.250" /><testcase classname="backend.tests.test_tagnride_backend.TestTransactions" name="test_passenger_sees_topup_and_payment" time="0.061" /><testcase classname="backend.tests.test_tagnride_backend.TestTransactions" name="test_driver_sees_received_payment" time="0.071" /><testcase classname="backend.tests.test_tagnride_backend.TestWithdraw" name="test_withdraw_passenger_forbidden_403" time="0.067" /><testcase classname="backend.tests.test_tagnride_backend.TestWithdraw" name="test_withdraw_driver_success" time="0.133" /><testcase classname="backend.tests.test_tagnride_backend.TestWithdraw" name="test_withdraw_insufficient_balance_400" time="0.065" /><testcase classname="backend.tests.test_tagnride_backend.TestWithdraw" name="test_withdrawals_list_driver" time="0.087" /><testcase classname="backend.tests.test_tagnride_backend.TestWithdraw" name="test_withdrawals_list_passenger_403" time="0.066" /><testcase classname="backend.tests.test_tagnride_backend.TestRatings" name="test_rate_passenger_success" time="0.125" /><testcase classname="backend.tests.test_tagnride_backend.TestRatings" name="test_rate_duplicate_400" time="0.062" /><testcase classname="backend.tests.test_tagnride_backend.TestRatings" name="test_rate_driver_forbidden_403" time="0.059" /><testcase classname="backend.tests.test_tagnride_backend.TestRatings" name="test_rate_unknown_transaction_404" time="0.060" /></testsuite></testsuites>