<?xml version="1.0" encoding="utf-8"?><testsuites name="pytest tests"><testsuite name="pytest" errors="0" failures="0" skipped="0" tests="40" time="4.262" timestamp="2026-05-06T00:04:13.597725+00:00" hostname="agent-env-b6783a39-0498-4ab3-8e1a-632a60819350"><testcase classname="backend.tests.test_tagnride_backend.TestHealth" name="test_health" time="0.241" /><testcase classname="backend.tests.test_tagnride_backend.TestAuth" name="test_register_passenger_returns_token" time="0.280" /><testcase classname="backend.tests.test_tagnride_backend.TestAuth" name="test_register_driver_returns_token" time="0.273" /><testcase classname="backend.tests.test_tagnride_backend.TestAuth" name="test_register_duplicate_phone_400" time="0.047" /><testcase classname="backend.tests.test_tagnride_backend.TestAuth" name="test_register_invalid_pin_422" time="0.049" /><testcase classname="backend.tests.test_tagnride_backend.TestAuth" name="test_login_success" time="0.272" /><testcase classname="backend.tests.test_tagnride_backend.TestAuth" name="test_login_wrong_pin_401" time="0.276" /><testcase classname="backend.tests.test_tagnride_backend.TestAuth" name="test_me_passenger_no_vehicle_plate" time="0.051" /><testcase classname="backend.tests.test_tagnride_backend.TestAuth" name="test_me_driver_includes_vehicle_plate" time="0.050" /><testcase classname="backend.tests.test_tagnride_backend.TestAuth" name="test_me_without_token_401" time="0.047" /><testcase classname="backend.tests.test_tagnride_backend.TestAuth" name="test_me_invalid_token_401" time="0.044" /><testcase classname="backend.tests.test_tagnride_backend.TestDriverProfile" name="test_patch_passenger_forbidden_403" time="0.058" /><testcase classname="backend.tests.test_tagnride_backend.TestDriverProfile" name="test_patch_empty_plate_422" time="0.054" /><testcase classname="backend.tests.test_tagnride_backend.TestDriverProfile" name="test_patch_short_plate_422" time="0.054" /><testcase classname="backend.tests.test_tagnride_backend.TestDriverProfile" name="test_patch_updates_plate_and_persists" time="0.104" /><testcase classname="backend.tests.test_tagnride_backend.TestWallet" name="test_passenger_wallet_initial_zar" time="0.080" /><testcase classname="backend.tests.test_tagnride_backend.TestWallet" name="test_driver_wallet_zar_qr_plate_rating" time="0.051" /><testcase classname="backend.tests.test_tagnride_backend.TestWallet" name="test_topup_passenger_increments_balance_zar" time="0.101" /><testcase classname="backend.tests.test_tagnride_backend.TestWallet" name="test_topup_driver_forbidden_403" time="0.047" /><testcase classname="backend.tests.test_tagnride_backend.TestWallet" name="test_topup_negative_amount_422" time="0.048" /><testcase classname="backend.tests.test_tagnride_backend.TestDriverLookup" name="test_driver_lookup_returns_public_info_with_plate" time="0.051" /><testcase classname="backend.tests.test_tagnride_backend.TestDriverLookup" name="test_driver_lookup_unknown_404" time="0.051" /><testcase classname="backend.tests.test_tagnride_backend.TestDriverLookup" name="test_driver_lookup_requires_auth_401" time="0.046" /><testcase classname="backend.tests.test_tagnride_backend.TestTransfer" name="test_transfer_self_400" time="0.051" /><testcase classname="backend.tests.test_tagnride_backend.TestTransfer" name="test_transfer_driver_forbidden_403" time="0.050" /><testcase classname="backend.tests.test_tagnride_backend.TestTransfer" name="test_transfer_insufficient_balance_400" time="0.327" /><testcase classname="backend.tests.test_tagnride_backend.TestTransfer" name="test_transfer_unknown_driver_404" time="0.055" /><testcase classname="backend.tests.test_tagnride_backend.TestTransfer" name="test_transfer_success_atomic_zar" time="0.202" /><testcase classname="backend.tests.test_tagnride_backend.TestTransactions" name="test_passenger_sees_topup_and_payment_zar" time="0.048" /><testcase classname="backend.tests.test_tagnride_backend.TestTransactions" name="test_driver_sees_received_payment" time="0.053" /><testcase classname="backend.tests.test_tagnride_backend.TestWithdraw" name="test_withdraw_passenger_forbidden_403" time="0.050" /><testcase classname="backend.tests.test_tagnride_backend.TestWithdraw" name="test_withdraw_driver_success_zar" time="0.104" /><testcase classname="backend.tests.test_tagnride_backend.TestWithdraw" name="test_withdraw_insufficient_balance_400" time="0.049" /><testcase classname="backend.tests.test_tagnride_backend.TestWithdraw" name="test_withdrawals_list_driver" time="0.049" /><testcase classname="backend.tests.test_tagnride_backend.TestWithdraw" name="test_withdrawals_list_passenger_403" time="0.050" /><testcase classname="backend.tests.test_tagnride_backend.TestRatings" name="test_rate_passenger_success" time="0.103" /><testcase classname="backend.tests.test_tagnride_backend.TestRatings" name="test_rate_duplicate_400" time="0.058" /><testcase classname="backend.tests.test_tagnride_backend.TestRatings" name="test_rate_driver_forbidden_403" time="0.060" /><testcase classname="backend.tests.test_tagnride_backend.TestRatings" name="test_rate_unknown_transaction_404" time="0.047" /><testcase classname="backend.tests.test_tagnride_backend.TestDriverPlateOptional" name="test_register_driver_without_plate_defaults_to_empty" time="0.399" /></testsuite></testsuites>